  PID.cpp
  main.cpp
c:\users\josh\version-control\carnd-pid-control-project\src\uws\Networking.h(70): warning C4251: 'uS::TLS::Context::password': class 'std::shared_ptr<std::string>' needs to have dll-interface to be used by clients of class 'uS::TLS::Context'
  c:\users\josh\version-control\carnd-pid-control-project\src\uws\Networking.h(70): note: see declaration of 'std::shared_ptr<std::string>'
c:\users\josh\version-control\carnd-pid-control-project\src\uws\Networking.h(134): warning C4251: 'uS::NodeData::transferQueue': class 'std::vector<uS::NodeData::TransferData,std::allocator<_Ty>>' needs to have dll-interface to be used by clients of struct 'uS::NodeData'
          with
          [
              _Ty=uS::NodeData::TransferData
          ]
  c:\users\josh\version-control\carnd-pid-control-project\src\uws\Networking.h(134): note: see declaration of 'std::vector<uS::NodeData::TransferData,std::allocator<_Ty>>'
          with
          [
              _Ty=uS::NodeData::TransferData
          ]
c:\users\josh\version-control\carnd-pid-control-project\src\uws\Networking.h(135): warning C4251: 'uS::NodeData::changePollQueue': class 'std::vector<uv_poll_t *,std::allocator<_Ty>>' needs to have dll-interface to be used by clients of struct 'uS::NodeData'
          with
          [
              _Ty=uv_poll_t *
          ]
  c:\users\josh\version-control\carnd-pid-control-project\src\uws\Networking.h(135): note: see declaration of 'std::vector<uv_poll_t *,std::allocator<_Ty>>'
          with
          [
              _Ty=uv_poll_t *
          ]
c:\users\josh\version-control\carnd-pid-control-project\src\uws\HTTPSocket.h(228): warning C4996: 'sprintf': This function or variable may be unsafe. Consider using sprintf_s instead. To disable deprecation, use _CRT_SECURE_NO_WARNINGS. See online help for details.
  C:\Program Files (x86)\Windows Kits\10\Include\10.0.15063.0\ucrt\stdio.h(1772): note: see declaration of 'sprintf'
c:\users\josh\version-control\carnd-pid-control-project\src\uws\Node.h(19): warning C4251: 'uS::Node::asyncMutex': class 'std::mutex' needs to have dll-interface to be used by clients of class 'uS::Node'
  C:\Program Files (x86)\Microsoft Visual Studio\2017\Community\VC\Tools\MSVC\14.10.25017\include\mutex(79): note: see declaration of 'std::mutex'
c:\users\josh\version-control\carnd-pid-control-project\src\uws\Group.h(17): warning C4251: 'uWS::Group<true>::connectionHandler': class 'std::function<void (uWS::WebSocket<true>,uWS::HttpRequest)>' needs to have dll-interface to be used by clients of struct 'uWS::Group<true>'
  c:\users\josh\version-control\carnd-pid-control-project\src\uws\Group.h(17): note: see declaration of 'std::function<void (uWS::WebSocket<true>,uWS::HttpRequest)>'
  c:\users\josh\version-control\carnd-pid-control-project\src\uws\Hub.h(14): note: see reference to class template instantiation 'uWS::Group<true>' being compiled
c:\users\josh\version-control\carnd-pid-control-project\src\uws\Group.h(18): warning C4251: 'uWS::Group<true>::messageHandler': class 'std::function<void (uWS::WebSocket<true>,char *,::size_t,uWS::OpCode)>' needs to have dll-interface to be used by clients of struct 'uWS::Group<true>'
  c:\users\josh\version-control\carnd-pid-control-project\src\uws\Group.h(18): note: see declaration of 'std::function<void (uWS::WebSocket<true>,char *,::size_t,uWS::OpCode)>'
c:\users\josh\version-control\carnd-pid-control-project\src\uws\Group.h(19): warning C4251: 'uWS::Group<true>::disconnectionHandler': class 'std::function<void (uWS::WebSocket<true>,int,char *,::size_t)>' needs to have dll-interface to be used by clients of struct 'uWS::Group<true>'
  c:\users\josh\version-control\carnd-pid-control-project\src\uws\Group.h(19): note: see declaration of 'std::function<void (uWS::WebSocket<true>,int,char *,::size_t)>'
c:\users\josh\version-control\carnd-pid-control-project\src\uws\Group.h(20): warning C4251: 'uWS::Group<true>::pingHandler': class 'std::function<void (uWS::WebSocket<true>,char *,::size_t)>' needs to have dll-interface to be used by clients of struct 'uWS::Group<true>'
  c:\users\josh\version-control\carnd-pid-control-project\src\uws\Group.h(20): note: see declaration of 'std::function<void (uWS::WebSocket<true>,char *,::size_t)>'
c:\users\josh\version-control\carnd-pid-control-project\src\uws\Group.h(21): warning C4251: 'uWS::Group<true>::pongHandler': class 'std::function<void (uWS::WebSocket<true>,char *,::size_t)>' needs to have dll-interface to be used by clients of struct 'uWS::Group<true>'
  c:\users\josh\version-control\carnd-pid-control-project\src\uws\Group.h(20): note: see declaration of 'std::function<void (uWS::WebSocket<true>,char *,::size_t)>'
c:\users\josh\version-control\carnd-pid-control-project\src\uws\Group.h(23): warning C4251: 'uWS::Group<true>::httpConnectionHandler': class 'std::function<void (uWS::HttpSocket<true>)>' needs to have dll-interface to be used by clients of struct 'uWS::Group<true>'
  c:\users\josh\version-control\carnd-pid-control-project\src\uws\Group.h(23): note: see declaration of 'std::function<void (uWS::HttpSocket<true>)>'
c:\users\josh\version-control\carnd-pid-control-project\src\uws\Group.h(24): warning C4251: 'uWS::Group<true>::httpRequestHandler': class 'std::function<void (uWS::HttpResponse *,uWS::HttpRequest,char *,::size_t,::size_t)>' needs to have dll-interface to be used by clients of struct 'uWS::Group<true>'
  c:\users\josh\version-control\carnd-pid-control-project\src\uws\Group.h(24): note: see declaration of 'std::function<void (uWS::HttpResponse *,uWS::HttpRequest,char *,::size_t,::size_t)>'
c:\users\josh\version-control\carnd-pid-control-project\src\uws\Group.h(25): warning C4251: 'uWS::Group<true>::httpDataHandler': class 'std::function<void (uWS::HttpResponse *,char *,::size_t,::size_t)>' needs to have dll-interface to be used by clients of struct 'uWS::Group<true>'
  c:\users\josh\version-control\carnd-pid-control-project\src\uws\Group.h(25): note: see declaration of 'std::function<void (uWS::HttpResponse *,char *,::size_t,::size_t)>'
c:\users\josh\version-control\carnd-pid-control-project\src\uws\Group.h(26): warning C4251: 'uWS::Group<true>::httpCancelledRequestHandler': class 'std::function<void (uWS::HttpResponse *)>' needs to have dll-interface to be used by clients of struct 'uWS::Group<true>'
  c:\users\josh\version-control\carnd-pid-control-project\src\uws\Group.h(26): note: see declaration of 'std::function<void (uWS::HttpResponse *)>'
c:\users\josh\version-control\carnd-pid-control-project\src\uws\Group.h(28): warning C4251: 'uWS::Group<true>::httpDisconnectionHandler': class 'std::function<void (uWS::HttpSocket<true>)>' needs to have dll-interface to be used by clients of struct 'uWS::Group<true>'
  c:\users\josh\version-control\carnd-pid-control-project\src\uws\Group.h(23): note: see declaration of 'std::function<void (uWS::HttpSocket<true>)>'
c:\users\josh\version-control\carnd-pid-control-project\src\uws\Group.h(29): warning C4251: 'uWS::Group<true>::httpUpgradeHandler': class 'std::function<void (uWS::HttpSocket<true>,uWS::HttpRequest)>' needs to have dll-interface to be used by clients of struct 'uWS::Group<true>'
  c:\users\josh\version-control\carnd-pid-control-project\src\uws\Group.h(29): note: see declaration of 'std::function<void (uWS::HttpSocket<true>,uWS::HttpRequest)>'
c:\users\josh\version-control\carnd-pid-control-project\src\uws\Group.h(32): warning C4251: 'uWS::Group<true>::errorHandler': class 'std::function<void (int)>' needs to have dll-interface to be used by clients of struct 'uWS::Group<true>'
  c:\users\josh\version-control\carnd-pid-control-project\src\uws\Group.h(32): note: see declaration of 'std::function<void (int)>'
c:\users\josh\version-control\carnd-pid-control-project\src\uws\Group.h(37): warning C4251: 'uWS::Group<true>::userPingMessage': class 'std::basic_string<char,std::char_traits<char>,std::allocator<char>>' needs to have dll-interface to be used by clients of struct 'uWS::Group<true>'
  C:\Program Files (x86)\Microsoft Visual Studio\2017\Community\VC\Tools\MSVC\14.10.25017\include\xstring(3997): note: see declaration of 'std::basic_string<char,std::char_traits<char>,std::allocator<char>>'
c:\users\josh\version-control\carnd-pid-control-project\src\uws\Group.h(55): warning C4251: 'uWS::Group<true>::iterators': class 'std::stack<uv_poll_t *,std::deque<_Ty,std::allocator<_Ty>>>' needs to have dll-interface to be used by clients of struct 'uWS::Group<true>'
          with
          [
              _Ty=uv_poll_t *
          ]
  c:\users\josh\version-control\carnd-pid-control-project\src\uws\Group.h(55): note: see declaration of 'std::stack<uv_poll_t *,std::deque<_Ty,std::allocator<_Ty>>>'
          with
          [
              _Ty=uv_poll_t *
          ]
c:\users\josh\version-control\carnd-pid-control-project\src\uws\Group.h(17): warning C4251: 'uWS::Group<false>::connectionHandler': class 'std::function<void (uWS::WebSocket<false>,uWS::HttpRequest)>' needs to have dll-interface to be used by clients of struct 'uWS::Group<false>'
  c:\users\josh\version-control\carnd-pid-control-project\src\uws\Group.h(17): note: see declaration of 'std::function<void (uWS::WebSocket<false>,uWS::HttpRequest)>'
  c:\users\josh\version-control\carnd-pid-control-project\src\uws\Hub.h(14): note: see reference to class template instantiation 'uWS::Group<false>' being compiled
c:\users\josh\version-control\carnd-pid-control-project\src\uws\Group.h(18): warning C4251: 'uWS::Group<false>::messageHandler': class 'std::function<void (uWS::WebSocket<false>,char *,::size_t,uWS::OpCode)>' needs to have dll-interface to be used by clients of struct 'uWS::Group<false>'
  c:\users\josh\version-control\carnd-pid-control-project\src\uws\Group.h(18): note: see declaration of 'std::function<void (uWS::WebSocket<false>,char *,::size_t,uWS::OpCode)>'
c:\users\josh\version-control\carnd-pid-control-project\src\uws\Group.h(19): warning C4251: 'uWS::Group<false>::disconnectionHandler': class 'std::function<void (uWS::WebSocket<false>,int,char *,::size_t)>' needs to have dll-interface to be used by clients of struct 'uWS::Group<false>'
  c:\users\josh\version-control\carnd-pid-control-project\src\uws\Group.h(19): note: see declaration of 'std::function<void (uWS::WebSocket<false>,int,char *,::size_t)>'
c:\users\josh\version-control\carnd-pid-control-project\src\uws\Group.h(20): warning C4251: 'uWS::Group<false>::pingHandler': class 'std::function<void (uWS::WebSocket<false>,char *,::size_t)>' needs to have dll-interface to be used by clients of struct 'uWS::Group<false>'
  c:\users\josh\version-control\carnd-pid-control-project\src\uws\Group.h(20): note: see declaration of 'std::function<void (uWS::WebSocket<false>,char *,::size_t)>'
c:\users\josh\version-control\carnd-pid-control-project\src\uws\Group.h(21): warning C4251: 'uWS::Group<false>::pongHandler': class 'std::function<void (uWS::WebSocket<false>,char *,::size_t)>' needs to have dll-interface to be used by clients of struct 'uWS::Group<false>'
  c:\users\josh\version-control\carnd-pid-control-project\src\uws\Group.h(20): note: see declaration of 'std::function<void (uWS::WebSocket<false>,char *,::size_t)>'
c:\users\josh\version-control\carnd-pid-control-project\src\uws\Group.h(23): warning C4251: 'uWS::Group<false>::httpConnectionHandler': class 'std::function<void (uWS::HttpSocket<false>)>' needs to have dll-interface to be used by clients of struct 'uWS::Group<false>'
  c:\users\josh\version-control\carnd-pid-control-project\src\uws\Group.h(23): note: see declaration of 'std::function<void (uWS::HttpSocket<false>)>'
c:\users\josh\version-control\carnd-pid-control-project\src\uws\Group.h(24): warning C4251: 'uWS::Group<false>::httpRequestHandler': class 'std::function<void (uWS::HttpResponse *,uWS::HttpRequest,char *,::size_t,::size_t)>' needs to have dll-interface to be used by clients of struct 'uWS::Group<false>'
  c:\users\josh\version-control\carnd-pid-control-project\src\uws\Group.h(24): note: see declaration of 'std::function<void (uWS::HttpResponse *,uWS::HttpRequest,char *,::size_t,::size_t)>'
c:\users\josh\version-control\carnd-pid-control-project\src\uws\Group.h(25): warning C4251: 'uWS::Group<false>::httpDataHandler': class 'std::function<void (uWS::HttpResponse *,char *,::size_t,::size_t)>' needs to have dll-interface to be used by clients of struct 'uWS::Group<false>'
  c:\users\josh\version-control\carnd-pid-control-project\src\uws\Group.h(25): note: see declaration of 'std::function<void (uWS::HttpResponse *,char *,::size_t,::size_t)>'
c:\users\josh\version-control\carnd-pid-control-project\src\uws\Group.h(26): warning C4251: 'uWS::Group<false>::httpCancelledRequestHandler': class 'std::function<void (uWS::HttpResponse *)>' needs to have dll-interface to be used by clients of struct 'uWS::Group<false>'
  c:\users\josh\version-control\carnd-pid-control-project\src\uws\Group.h(26): note: see declaration of 'std::function<void (uWS::HttpResponse *)>'
c:\users\josh\version-control\carnd-pid-control-project\src\uws\Group.h(28): warning C4251: 'uWS::Group<false>::httpDisconnectionHandler': class 'std::function<void (uWS::HttpSocket<false>)>' needs to have dll-interface to be used by clients of struct 'uWS::Group<false>'
  c:\users\josh\version-control\carnd-pid-control-project\src\uws\Group.h(23): note: see declaration of 'std::function<void (uWS::HttpSocket<false>)>'
c:\users\josh\version-control\carnd-pid-control-project\src\uws\Group.h(29): warning C4251: 'uWS::Group<false>::httpUpgradeHandler': class 'std::function<void (uWS::HttpSocket<false>,uWS::HttpRequest)>' needs to have dll-interface to be used by clients of struct 'uWS::Group<false>'
  c:\users\josh\version-control\carnd-pid-control-project\src\uws\Group.h(29): note: see declaration of 'std::function<void (uWS::HttpSocket<false>,uWS::HttpRequest)>'
c:\users\josh\version-control\carnd-pid-control-project\src\uws\Group.h(32): warning C4251: 'uWS::Group<false>::errorHandler': class 'std::function<void (void *)>' needs to have dll-interface to be used by clients of struct 'uWS::Group<false>'
  c:\users\josh\version-control\carnd-pid-control-project\src\uws\Group.h(32): note: see declaration of 'std::function<void (void *)>'
c:\users\josh\version-control\carnd-pid-control-project\src\uws\Group.h(37): warning C4251: 'uWS::Group<false>::userPingMessage': class 'std::basic_string<char,std::char_traits<char>,std::allocator<char>>' needs to have dll-interface to be used by clients of struct 'uWS::Group<false>'
  C:\Program Files (x86)\Microsoft Visual Studio\2017\Community\VC\Tools\MSVC\14.10.25017\include\xstring(3997): note: see declaration of 'std::basic_string<char,std::char_traits<char>,std::allocator<char>>'
c:\users\josh\version-control\carnd-pid-control-project\src\uws\Group.h(55): warning C4251: 'uWS::Group<false>::iterators': class 'std::stack<uv_poll_t *,std::deque<_Ty,std::allocator<_Ty>>>' needs to have dll-interface to be used by clients of struct 'uWS::Group<false>'
          with
          [
              _Ty=uv_poll_t *
          ]
  c:\users\josh\version-control\carnd-pid-control-project\src\uws\Group.h(55): note: see declaration of 'std::stack<uv_poll_t *,std::deque<_Ty,std::allocator<_Ty>>>'
          with
          [
              _Ty=uv_poll_t *
          ]
c:\users\josh\version-control\carnd-pid-control-project\src\uws\Hub.h(35): warning C4251: 'uWS::Hub::dynamicInflationBuffer': class 'std::basic_string<char,std::char_traits<char>,std::allocator<char>>' needs to have dll-interface to be used by clients of struct 'uWS::Hub'
  C:\Program Files (x86)\Microsoft Visual Studio\2017\Community\VC\Tools\MSVC\14.10.25017\include\xstring(3997): note: see declaration of 'std::basic_string<char,std::char_traits<char>,std::allocator<char>>'
  Generating Code...
LINK : warning LNK4075: ignoring '/INCREMENTAL' due to '/OPT:ICF' specification
     Creating library C:\Users\Josh\version-control\CarND-PID-Control-Project\Release\PID.lib and object C:\Users\Josh\version-control\CarND-PID-Control-Project\Release\PID.exp
  PID.vcxproj -> C:\Users\Josh\version-control\CarND-PID-Control-Project\Release\PID.exe
  PID.vcxproj -> C:\Users\Josh\version-control\CarND-PID-Control-Project\Release\PID.pdb (Full PDB)
